<?xml version="1.0" encoding="UTF-8"?>
<!-- Generated by org.testng.reporters.JUnitReportReporter -->
<testsuite hostname="APL-1GMXB63" failures="0" tests="1" name="com.EasyCall.TestCases.LoginEasyCal" time="1.596" errors="0" timestamp="2023-05-26T16:24:22 IST" skipped="0">
  <testcase classname="com.EasyCall.TestCases.LoginEasyCal" name="loginApp" time="1.596"/>
  <system-out/>
</testsuite> <!-- com.EasyCall.TestCases.LoginEasyCal -->
